{"uid":"495afbe3389ad08c","name":"test_github","fullName":"tests.test_selene#test_github","historyId":"0139c44e2d86c93c634c3d6d6688f462","time":{"start":1664471649682,"stop":1664471651466,"duration":1784},"status":"broken","statusMessage":"selenium.common.exceptions.WebDriverException: Message: unknown error: Chrome failed to start: exited abnormally.\n  (unknown error: DevToolsActivePort file doesn't exist)\n  (The process started from chrome location /usr/bin/google-chrome is no longer running, so ChromeDriver is assuming that Chrome has crashed.)\nStacktrace:\n#0 0x55b8a1bde693 <unknown>\n#1 0x55b8a19d7b0a <unknown>\n#2 0x55b8a19fcef2 <unknown>\n#3 0x55b8a19f81f4 <unknown>\n#4 0x55b8a1a33953 <unknown>\n#5 0x55b8a1a2d743 <unknown>\n#6 0x55b8a1a03533 <unknown>\n#7 0x55b8a1a04715 <unknown>\n#8 0x55b8a1c2e7bd <unknown>\n#9 0x55b8a1c31bf9 <unknown>\n#10 0x55b8a1c13f2e <unknown>\n#11 0x55b8a1c329b3 <unknown>\n#12 0x55b8a1c07e4f <unknown>\n#13 0x55b8a1c51ea8 <unknown>\n#14 0x55b8a1c52052 <unknown>\n#15 0x55b8a1c6c71f <unknown>\n#16 0x7f786eb6e609 <unknown>","statusTrace":"def test_github():\n>       browser.open(\"https://github.com\")\n\ntests/test_selene.py:8: \n_ _ _ _ _ _ _ _ _ _ _ _ _ _ _ _ _ _ _ _ _ _ _ _ _ _ _ _ _ _ _ _ _ _ _ _ _ _ _ _ \n/opt/hostedtoolcache/Python/3.10.7/x64/lib/python3.10/site-packages/selene/support/shared/browser.py:78: in open\n    self.config.get_or_create_driver().get(url)\n/opt/hostedtoolcache/Python/3.10.7/x64/lib/python3.10/site-packages/selene/support/shared/config.py:301: in get_or_create_driver\n    return self._source.get_or_create()\n/opt/hostedtoolcache/Python/3.10.7/x64/lib/python3.10/site-packages/selene/support/shared/config.py:135: in get_or_create\n    return self.create()\n/opt/hostedtoolcache/Python/3.10.7/x64/lib/python3.10/site-packages/selene/support/shared/config.py:116: in create\n    self._stored = self._set_driver()\n/opt/hostedtoolcache/Python/3.10.7/x64/lib/python3.10/site-packages/selene/support/shared/config.py:203: in <lambda>\n    lambda: self._set_drivers_from_webdriver_manager()\n/opt/hostedtoolcache/Python/3.10.7/x64/lib/python3.10/site-packages/selene/support/shared/config.py:277: in _set_drivers_from_webdriver_manager\n    return {\n/opt/hostedtoolcache/Python/3.10.7/x64/lib/python3.10/site-packages/selene/support/shared/config.py:252: in get_chrome\n    return Chrome(\n/opt/hostedtoolcache/Python/3.10.7/x64/lib/python3.10/site-packages/selenium/webdriver/chrome/webdriver.py:69: in __init__\n    super().__init__(DesiredCapabilities.CHROME['browserName'], \"goog\",\n/opt/hostedtoolcache/Python/3.10.7/x64/lib/python3.10/site-packages/selenium/webdriver/chromium/webdriver.py:92: in __init__\n    super().__init__(\n/opt/hostedtoolcache/Python/3.10.7/x64/lib/python3.10/site-packages/selenium/webdriver/remote/webdriver.py:270: in __init__\n    self.start_session(capabilities, browser_profile)\n/opt/hostedtoolcache/Python/3.10.7/x64/lib/python3.10/site-packages/selenium/webdriver/remote/webdriver.py:363: in start_session\n    response = self.execute(Command.NEW_SESSION, parameters)\n/opt/hostedtoolcache/Python/3.10.7/x64/lib/python3.10/site-packages/selenium/webdriver/remote/webdriver.py:428: in execute\n    self.error_handler.check_response(response)\n_ _ _ _ _ _ _ _ _ _ _ _ _ _ _ _ _ _ _ _ _ _ _ _ _ _ _ _ _ _ _ _ _ _ _ _ _ _ _ _ \n\nself = <selenium.webdriver.remote.errorhandler.ErrorHandler object at 0x7f436084f460>\nresponse = {'status': 500, 'value': '{\"value\":{\"error\":\"unknown error\",\"message\":\"unknown error: Chrome failed to start: exited a...\\\\n#14 0x55b8a1c52052 \\\\u003Cunknown>\\\\n#15 0x55b8a1c6c71f \\\\u003Cunknown>\\\\n#16 0x7f786eb6e609 \\\\u003Cunknown>\\\\n\"}}'}\n\n    def check_response(self, response: Dict[str, Any]) -> None:\n        \"\"\"\n        Checks that a JSON response from the WebDriver does not have an error.\n    \n        :Args:\n         - response - The JSON response from the WebDriver server as a dictionary\n           object.\n    \n        :Raises: If the response contains an error message.\n        \"\"\"\n        status = response.get('status', None)\n        if not status or status == ErrorCode.SUCCESS:\n            return\n        value = None\n        message = response.get(\"message\", \"\")\n        screen: str = response.get(\"screen\", \"\")\n        stacktrace = None\n        if isinstance(status, int):\n            value_json = response.get('value', None)\n            if value_json and isinstance(value_json, str):\n                import json\n                try:\n                    value = json.loads(value_json)\n                    if len(value.keys()) == 1:\n                        value = value['value']\n                    status = value.get('error', None)\n                    if not status:\n                        status = value.get(\"status\", ErrorCode.UNKNOWN_ERROR)\n                        message = value.get(\"value\") or value.get(\"message\")\n                        if not isinstance(message, str):\n                            value = message\n                            message = message.get('message')\n                    else:\n                        message = value.get('message', None)\n                except ValueError:\n                    pass\n    \n        exception_class: Type[WebDriverException]\n        if status in ErrorCode.NO_SUCH_ELEMENT:\n            exception_class = NoSuchElementException\n        elif status in ErrorCode.NO_SUCH_FRAME:\n            exception_class = NoSuchFrameException\n        elif status in ErrorCode.NO_SUCH_SHADOW_ROOT:\n            exception_class = NoSuchShadowRootException\n        elif status in ErrorCode.NO_SUCH_WINDOW:\n            exception_class = NoSuchWindowException\n        elif status in ErrorCode.STALE_ELEMENT_REFERENCE:\n            exception_class = StaleElementReferenceException\n        elif status in ErrorCode.ELEMENT_NOT_VISIBLE:\n            exception_class = ElementNotVisibleException\n        elif status in ErrorCode.INVALID_ELEMENT_STATE:\n            exception_class = InvalidElementStateException\n        elif status in ErrorCode.INVALID_SELECTOR \\\n                or status in ErrorCode.INVALID_XPATH_SELECTOR \\\n                or status in ErrorCode.INVALID_XPATH_SELECTOR_RETURN_TYPER:\n            exception_class = InvalidSelectorException\n        elif status in ErrorCode.ELEMENT_IS_NOT_SELECTABLE:\n            exception_class = ElementNotSelectableException\n        elif status in ErrorCode.ELEMENT_NOT_INTERACTABLE:\n            exception_class = ElementNotInteractableException\n        elif status in ErrorCode.INVALID_COOKIE_DOMAIN:\n            exception_class = InvalidCookieDomainException\n        elif status in ErrorCode.UNABLE_TO_SET_COOKIE:\n            exception_class = UnableToSetCookieException\n        elif status in ErrorCode.TIMEOUT:\n            exception_class = TimeoutException\n        elif status in ErrorCode.SCRIPT_TIMEOUT:\n            exception_class = TimeoutException\n        elif status in ErrorCode.UNKNOWN_ERROR:\n            exception_class = WebDriverException\n        elif status in ErrorCode.UNEXPECTED_ALERT_OPEN:\n            exception_class = UnexpectedAlertPresentException\n        elif status in ErrorCode.NO_ALERT_OPEN:\n            exception_class = NoAlertPresentException\n        elif status in ErrorCode.IME_NOT_AVAILABLE:\n            exception_class = ImeNotAvailableException\n        elif status in ErrorCode.IME_ENGINE_ACTIVATION_FAILED:\n            exception_class = ImeActivationFailedException\n        elif status in ErrorCode.MOVE_TARGET_OUT_OF_BOUNDS:\n            exception_class = MoveTargetOutOfBoundsException\n        elif status in ErrorCode.JAVASCRIPT_ERROR:\n            exception_class = JavascriptException\n        elif status in ErrorCode.SESSION_NOT_CREATED:\n            exception_class = SessionNotCreatedException\n        elif status in ErrorCode.INVALID_ARGUMENT:\n            exception_class = InvalidArgumentException\n        elif status in ErrorCode.NO_SUCH_COOKIE:\n            exception_class = NoSuchCookieException\n        elif status in ErrorCode.UNABLE_TO_CAPTURE_SCREEN:\n            exception_class = ScreenshotException\n        elif status in ErrorCode.ELEMENT_CLICK_INTERCEPTED:\n            exception_class = ElementClickInterceptedException\n        elif status in ErrorCode.INSECURE_CERTIFICATE:\n            exception_class = InsecureCertificateException\n        elif status in ErrorCode.INVALID_COORDINATES:\n            exception_class = InvalidCoordinatesException\n        elif status in ErrorCode.INVALID_SESSION_ID:\n            exception_class = InvalidSessionIdException\n        elif status in ErrorCode.UNKNOWN_METHOD:\n            exception_class = UnknownMethodException\n        else:\n            exception_class = WebDriverException\n        if not value:\n            value = response['value']\n        if isinstance(value, str):\n            raise exception_class(value)\n        if message == \"\" and 'message' in value:\n            message = value['message']\n    \n        screen = None  # type: ignore[assignment]\n        if 'screen' in value:\n            screen = value['screen']\n    \n        stacktrace = None\n        st_value = value.get('stackTrace') or value.get('stacktrace')\n        if st_value:\n            if isinstance(st_value, str):\n                stacktrace = st_value.split('\\n')\n            else:\n                stacktrace = []\n                try:\n                    for frame in st_value:\n                        line = frame.get(\"lineNumber\", \"\")\n                        file = frame.get(\"fileName\", \"<anonymous>\")\n                        if line:\n                            file = f\"{file}:{line}\"\n                        meth = frame.get('methodName', '<anonymous>')\n                        if 'className' in frame:\n                            meth = \"{}.{}\".format(frame['className'], meth)\n                        msg = \"    at %s (%s)\"\n                        msg = msg % (meth, file)\n                        stacktrace.append(msg)\n                except TypeError:\n                    pass\n        if exception_class == UnexpectedAlertPresentException:\n            alert_text = None\n            if 'data' in value:\n                alert_text = value['data'].get('text')\n            elif 'alert' in value:\n                alert_text = value['alert'].get('text')\n            raise exception_class(message, screen, stacktrace, alert_text)  # type: ignore[call-arg]  # mypy is not smart enough here\n>       raise exception_class(message, screen, stacktrace)\nE       selenium.common.exceptions.WebDriverException: Message: unknown error: Chrome failed to start: exited abnormally.\nE         (unknown error: DevToolsActivePort file doesn't exist)\nE         (The process started from chrome location /usr/bin/google-chrome is no longer running, so ChromeDriver is assuming that Chrome has crashed.)\nE       Stacktrace:\nE       #0 0x55b8a1bde693 <unknown>\nE       #1 0x55b8a19d7b0a <unknown>\nE       #2 0x55b8a19fcef2 <unknown>\nE       #3 0x55b8a19f81f4 <unknown>\nE       #4 0x55b8a1a33953 <unknown>\nE       #5 0x55b8a1a2d743 <unknown>\nE       #6 0x55b8a1a03533 <unknown>\nE       #7 0x55b8a1a04715 <unknown>\nE       #8 0x55b8a1c2e7bd <unknown>\nE       #9 0x55b8a1c31bf9 <unknown>\nE       #10 0x55b8a1c13f2e <unknown>\nE       #11 0x55b8a1c329b3 <unknown>\nE       #12 0x55b8a1c07e4f <unknown>\nE       #13 0x55b8a1c51ea8 <unknown>\nE       #14 0x55b8a1c52052 <unknown>\nE       #15 0x55b8a1c6c71f <unknown>\nE       #16 0x7f786eb6e609 <unknown>\n\n/opt/hostedtoolcache/Python/3.10.7/x64/lib/python3.10/site-packages/selenium/webdriver/remote/errorhandler.py:243: WebDriverException","flaky":false,"newFailed":false,"newBroken":false,"newPassed":false,"retriesCount":0,"retriesStatusChange":false,"beforeStages":[],"testStage":{"status":"broken","statusMessage":"selenium.common.exceptions.WebDriverException: Message: unknown error: Chrome failed to start: exited abnormally.\n  (unknown error: DevToolsActivePort file doesn't exist)\n  (The process started from chrome location /usr/bin/google-chrome is no longer running, so ChromeDriver is assuming that Chrome has crashed.)\nStacktrace:\n#0 0x55b8a1bde693 <unknown>\n#1 0x55b8a19d7b0a <unknown>\n#2 0x55b8a19fcef2 <unknown>\n#3 0x55b8a19f81f4 <unknown>\n#4 0x55b8a1a33953 <unknown>\n#5 0x55b8a1a2d743 <unknown>\n#6 0x55b8a1a03533 <unknown>\n#7 0x55b8a1a04715 <unknown>\n#8 0x55b8a1c2e7bd <unknown>\n#9 0x55b8a1c31bf9 <unknown>\n#10 0x55b8a1c13f2e <unknown>\n#11 0x55b8a1c329b3 <unknown>\n#12 0x55b8a1c07e4f <unknown>\n#13 0x55b8a1c51ea8 <unknown>\n#14 0x55b8a1c52052 <unknown>\n#15 0x55b8a1c6c71f <unknown>\n#16 0x7f786eb6e609 <unknown>","statusTrace":"def test_github():\n>       browser.open(\"https://github.com\")\n\ntests/test_selene.py:8: \n_ _ _ _ _ _ _ _ _ _ _ _ _ _ _ _ _ _ _ _ _ _ _ _ _ _ _ _ _ _ _ _ _ _ _ _ _ _ _ _ \n/opt/hostedtoolcache/Python/3.10.7/x64/lib/python3.10/site-packages/selene/support/shared/browser.py:78: in open\n    self.config.get_or_create_driver().get(url)\n/opt/hostedtoolcache/Python/3.10.7/x64/lib/python3.10/site-packages/selene/support/shared/config.py:301: in get_or_create_driver\n    return self._source.get_or_create()\n/opt/hostedtoolcache/Python/3.10.7/x64/lib/python3.10/site-packages/selene/support/shared/config.py:135: in get_or_create\n    return self.create()\n/opt/hostedtoolcache/Python/3.10.7/x64/lib/python3.10/site-packages/selene/support/shared/config.py:116: in create\n    self._stored = self._set_driver()\n/opt/hostedtoolcache/Python/3.10.7/x64/lib/python3.10/site-packages/selene/support/shared/config.py:203: in <lambda>\n    lambda: self._set_drivers_from_webdriver_manager()\n/opt/hostedtoolcache/Python/3.10.7/x64/lib/python3.10/site-packages/selene/support/shared/config.py:277: in _set_drivers_from_webdriver_manager\n    return {\n/opt/hostedtoolcache/Python/3.10.7/x64/lib/python3.10/site-packages/selene/support/shared/config.py:252: in get_chrome\n    return Chrome(\n/opt/hostedtoolcache/Python/3.10.7/x64/lib/python3.10/site-packages/selenium/webdriver/chrome/webdriver.py:69: in __init__\n    super().__init__(DesiredCapabilities.CHROME['browserName'], \"goog\",\n/opt/hostedtoolcache/Python/3.10.7/x64/lib/python3.10/site-packages/selenium/webdriver/chromium/webdriver.py:92: in __init__\n    super().__init__(\n/opt/hostedtoolcache/Python/3.10.7/x64/lib/python3.10/site-packages/selenium/webdriver/remote/webdriver.py:270: in __init__\n    self.start_session(capabilities, browser_profile)\n/opt/hostedtoolcache/Python/3.10.7/x64/lib/python3.10/site-packages/selenium/webdriver/remote/webdriver.py:363: in start_session\n    response = self.execute(Command.NEW_SESSION, parameters)\n/opt/hostedtoolcache/Python/3.10.7/x64/lib/python3.10/site-packages/selenium/webdriver/remote/webdriver.py:428: in execute\n    self.error_handler.check_response(response)\n_ _ _ _ _ _ _ _ _ _ _ _ _ _ _ _ _ _ _ _ _ _ _ _ _ _ _ _ _ _ _ _ _ _ _ _ _ _ _ _ \n\nself = <selenium.webdriver.remote.errorhandler.ErrorHandler object at 0x7f436084f460>\nresponse = {'status': 500, 'value': '{\"value\":{\"error\":\"unknown error\",\"message\":\"unknown error: Chrome failed to start: exited a...\\\\n#14 0x55b8a1c52052 \\\\u003Cunknown>\\\\n#15 0x55b8a1c6c71f \\\\u003Cunknown>\\\\n#16 0x7f786eb6e609 \\\\u003Cunknown>\\\\n\"}}'}\n\n    def check_response(self, response: Dict[str, Any]) -> None:\n        \"\"\"\n        Checks that a JSON response from the WebDriver does not have an error.\n    \n        :Args:\n         - response - The JSON response from the WebDriver server as a dictionary\n           object.\n    \n        :Raises: If the response contains an error message.\n        \"\"\"\n        status = response.get('status', None)\n        if not status or status == ErrorCode.SUCCESS:\n            return\n        value = None\n        message = response.get(\"message\", \"\")\n        screen: str = response.get(\"screen\", \"\")\n        stacktrace = None\n        if isinstance(status, int):\n            value_json = response.get('value', None)\n            if value_json and isinstance(value_json, str):\n                import json\n                try:\n                    value = json.loads(value_json)\n                    if len(value.keys()) == 1:\n                        value = value['value']\n                    status = value.get('error', None)\n                    if not status:\n                        status = value.get(\"status\", ErrorCode.UNKNOWN_ERROR)\n                        message = value.get(\"value\") or value.get(\"message\")\n                        if not isinstance(message, str):\n                            value = message\n                            message = message.get('message')\n                    else:\n                        message = value.get('message', None)\n                except ValueError:\n                    pass\n    \n        exception_class: Type[WebDriverException]\n        if status in ErrorCode.NO_SUCH_ELEMENT:\n            exception_class = NoSuchElementException\n        elif status in ErrorCode.NO_SUCH_FRAME:\n            exception_class = NoSuchFrameException\n        elif status in ErrorCode.NO_SUCH_SHADOW_ROOT:\n            exception_class = NoSuchShadowRootException\n        elif status in ErrorCode.NO_SUCH_WINDOW:\n            exception_class = NoSuchWindowException\n        elif status in ErrorCode.STALE_ELEMENT_REFERENCE:\n            exception_class = StaleElementReferenceException\n        elif status in ErrorCode.ELEMENT_NOT_VISIBLE:\n            exception_class = ElementNotVisibleException\n        elif status in ErrorCode.INVALID_ELEMENT_STATE:\n            exception_class = InvalidElementStateException\n        elif status in ErrorCode.INVALID_SELECTOR \\\n                or status in ErrorCode.INVALID_XPATH_SELECTOR \\\n                or status in ErrorCode.INVALID_XPATH_SELECTOR_RETURN_TYPER:\n            exception_class = InvalidSelectorException\n        elif status in ErrorCode.ELEMENT_IS_NOT_SELECTABLE:\n            exception_class = ElementNotSelectableException\n        elif status in ErrorCode.ELEMENT_NOT_INTERACTABLE:\n            exception_class = ElementNotInteractableException\n        elif status in ErrorCode.INVALID_COOKIE_DOMAIN:\n            exception_class = InvalidCookieDomainException\n        elif status in ErrorCode.UNABLE_TO_SET_COOKIE:\n            exception_class = UnableToSetCookieException\n        elif status in ErrorCode.TIMEOUT:\n            exception_class = TimeoutException\n        elif status in ErrorCode.SCRIPT_TIMEOUT:\n            exception_class = TimeoutException\n        elif status in ErrorCode.UNKNOWN_ERROR:\n            exception_class = WebDriverException\n        elif status in ErrorCode.UNEXPECTED_ALERT_OPEN:\n            exception_class = UnexpectedAlertPresentException\n        elif status in ErrorCode.NO_ALERT_OPEN:\n            exception_class = NoAlertPresentException\n        elif status in ErrorCode.IME_NOT_AVAILABLE:\n            exception_class = ImeNotAvailableException\n        elif status in ErrorCode.IME_ENGINE_ACTIVATION_FAILED:\n            exception_class = ImeActivationFailedException\n        elif status in ErrorCode.MOVE_TARGET_OUT_OF_BOUNDS:\n            exception_class = MoveTargetOutOfBoundsException\n        elif status in ErrorCode.JAVASCRIPT_ERROR:\n            exception_class = JavascriptException\n        elif status in ErrorCode.SESSION_NOT_CREATED:\n            exception_class = SessionNotCreatedException\n        elif status in ErrorCode.INVALID_ARGUMENT:\n            exception_class = InvalidArgumentException\n        elif status in ErrorCode.NO_SUCH_COOKIE:\n            exception_class = NoSuchCookieException\n        elif status in ErrorCode.UNABLE_TO_CAPTURE_SCREEN:\n            exception_class = ScreenshotException\n        elif status in ErrorCode.ELEMENT_CLICK_INTERCEPTED:\n            exception_class = ElementClickInterceptedException\n        elif status in ErrorCode.INSECURE_CERTIFICATE:\n            exception_class = InsecureCertificateException\n        elif status in ErrorCode.INVALID_COORDINATES:\n            exception_class = InvalidCoordinatesException\n        elif status in ErrorCode.INVALID_SESSION_ID:\n            exception_class = InvalidSessionIdException\n        elif status in ErrorCode.UNKNOWN_METHOD:\n            exception_class = UnknownMethodException\n        else:\n            exception_class = WebDriverException\n        if not value:\n            value = response['value']\n        if isinstance(value, str):\n            raise exception_class(value)\n        if message == \"\" and 'message' in value:\n            message = value['message']\n    \n        screen = None  # type: ignore[assignment]\n        if 'screen' in value:\n            screen = value['screen']\n    \n        stacktrace = None\n        st_value = value.get('stackTrace') or value.get('stacktrace')\n        if st_value:\n            if isinstance(st_value, str):\n                stacktrace = st_value.split('\\n')\n            else:\n                stacktrace = []\n                try:\n                    for frame in st_value:\n                        line = frame.get(\"lineNumber\", \"\")\n                        file = frame.get(\"fileName\", \"<anonymous>\")\n                        if line:\n                            file = f\"{file}:{line}\"\n                        meth = frame.get('methodName', '<anonymous>')\n                        if 'className' in frame:\n                            meth = \"{}.{}\".format(frame['className'], meth)\n                        msg = \"    at %s (%s)\"\n                        msg = msg % (meth, file)\n                        stacktrace.append(msg)\n                except TypeError:\n                    pass\n        if exception_class == UnexpectedAlertPresentException:\n            alert_text = None\n            if 'data' in value:\n                alert_text = value['data'].get('text')\n            elif 'alert' in value:\n                alert_text = value['alert'].get('text')\n            raise exception_class(message, screen, stacktrace, alert_text)  # type: ignore[call-arg]  # mypy is not smart enough here\n>       raise exception_class(message, screen, stacktrace)\nE       selenium.common.exceptions.WebDriverException: Message: unknown error: Chrome failed to start: exited abnormally.\nE         (unknown error: DevToolsActivePort file doesn't exist)\nE         (The process started from chrome location /usr/bin/google-chrome is no longer running, so ChromeDriver is assuming that Chrome has crashed.)\nE       Stacktrace:\nE       #0 0x55b8a1bde693 <unknown>\nE       #1 0x55b8a19d7b0a <unknown>\nE       #2 0x55b8a19fcef2 <unknown>\nE       #3 0x55b8a19f81f4 <unknown>\nE       #4 0x55b8a1a33953 <unknown>\nE       #5 0x55b8a1a2d743 <unknown>\nE       #6 0x55b8a1a03533 <unknown>\nE       #7 0x55b8a1a04715 <unknown>\nE       #8 0x55b8a1c2e7bd <unknown>\nE       #9 0x55b8a1c31bf9 <unknown>\nE       #10 0x55b8a1c13f2e <unknown>\nE       #11 0x55b8a1c329b3 <unknown>\nE       #12 0x55b8a1c07e4f <unknown>\nE       #13 0x55b8a1c51ea8 <unknown>\nE       #14 0x55b8a1c52052 <unknown>\nE       #15 0x55b8a1c6c71f <unknown>\nE       #16 0x7f786eb6e609 <unknown>\n\n/opt/hostedtoolcache/Python/3.10.7/x64/lib/python3.10/site-packages/selenium/webdriver/remote/errorhandler.py:243: WebDriverException","steps":[],"attachments":[{"uid":"11a398eaadb75a7e","name":"stderr","source":"11a398eaadb75a7e.txt","type":"text/plain","size":159}],"parameters":[],"stepsCount":0,"attachmentsCount":1,"shouldDisplayMessage":true,"hasContent":true},"afterStages":[],"labels":[{"name":"parentSuite","value":"tests"},{"name":"suite","value":"test_selene"},{"name":"host","value":"fv-az260-535"},{"name":"thread","value":"2296-MainThread"},{"name":"framework","value":"pytest"},{"name":"language","value":"cpython3"},{"name":"package","value":"tests.test_selene"},{"name":"resultFormat","value":"allure2"}],"parameters":[],"links":[],"hidden":false,"retry":false,"extra":{"severity":"normal","retries":[],"categories":[{"name":"Test defects","matchedStatuses":[],"flaky":false}],"history":{"statistic":{"failed":0,"broken":2,"skipped":0,"passed":0,"unknown":0,"total":2},"items":[{"uid":"ee9f683f160dac","reportUrl":"https://imakarov749.github.io/allure_8_homework/1//#testresult/ee9f683f160dac","status":"broken","statusDetails":"selenium.common.exceptions.WebDriverException: Message: unknown error: Chrome failed to start: exited abnormally.\n  (unknown error: DevToolsActivePort file doesn't exist)\n  (The process started from chrome location /usr/bin/google-chrome is no longer running, so ChromeDriver is assuming that Chrome has crashed.)\nStacktrace:\n#0 0x55ddc34ea693 <unknown>\n#1 0x55ddc32e3b0a <unknown>\n#2 0x55ddc3308ef2 <unknown>\n#3 0x55ddc33041f4 <unknown>\n#4 0x55ddc333f953 <unknown>\n#5 0x55ddc3339743 <unknown>\n#6 0x55ddc330f533 <unknown>\n#7 0x55ddc3310715 <unknown>\n#8 0x55ddc353a7bd <unknown>\n#9 0x55ddc353dbf9 <unknown>\n#10 0x55ddc351ff2e <unknown>\n#11 0x55ddc353e9b3 <unknown>\n#12 0x55ddc3513e4f <unknown>\n#13 0x55ddc355dea8 <unknown>\n#14 0x55ddc355e052 <unknown>\n#15 0x55ddc357871f <unknown>\n#16 0x7f5b1abb8609 <unknown>","time":{"start":1664470498379,"stop":1664470500373,"duration":1994}}]},"tags":[]},"source":"495afbe3389ad08c.json","parameterValues":[]}